<?xml version="1.0" encoding="UTF-8"?>
<testng-results ignored="0" total="2" passed="2" failed="0" skipped="0">
  <reporter-output>
  </reporter-output>
  <suite started-at="2025-08-07T15:06:52 IST" name="Suite" finished-at="2025-08-07T15:07:06 IST" duration-ms="13687">
    <groups>
    </groups>
    <test started-at="2025-08-07T15:06:52 IST" name="Test" finished-at="2025-08-07T15:07:06 IST" duration-ms="13687">
      <class name="com.msi.msisurfaces.application.tests.ApplicationTest">
        <test-method is-config="true" signature="setupReport()[pri:0, instance:com.msi.msisurfaces.application.tests.ApplicationTest@932bc4a]" started-at="2025-08-07T15:06:51 IST" name="setupReport" finished-at="2025-08-07T15:06:52 IST" duration-ms="1074" status="PASS">
          <reporter-output>
          </reporter-output>
        </test-method> <!-- setupReport -->
        <test-method is-config="true" signature="setupBrowser(java.lang.String)[pri:0, instance:com.msi.msisurfaces.application.tests.ApplicationTest@932bc4a]" started-at="2025-08-07T15:06:52 IST" name="setupBrowser" finished-at="2025-08-07T15:06:56 IST" duration-ms="4027" status="PASS">
          <params>
            <param index="0">
              <value>
                <![CDATA[Firefox]]>
              </value>
            </param>
          </params>
          <reporter-output>
          </reporter-output>
        </test-method> <!-- setupBrowser -->
        <test-method is-config="true" signature="initializePageObjects()[pri:0, instance:com.msi.msisurfaces.application.tests.ApplicationTest@932bc4a]" started-at="2025-08-07T15:06:56 IST" name="initializePageObjects" finished-at="2025-08-07T15:06:56 IST" depends-on-methods="com.msi.msisurfaces.framework.base.Base.setupBrowser" duration-ms="36" status="PASS">
          <reporter-output>
          </reporter-output>
        </test-method> <!-- initializePageObjects -->
        <test-method signature="verifyOrangeHRMHomePage()[pri:1, instance:com.msi.msisurfaces.application.tests.ApplicationTest@932bc4a]" started-at="2025-08-07T15:06:56 IST" name="verifyOrangeHRMHomePage" finished-at="2025-08-07T15:06:58 IST" duration-ms="2123" status="PASS">
          <reporter-output>
          </reporter-output>
        </test-method> <!-- verifyOrangeHRMHomePage -->
        <test-method is-config="true" signature="tearDownbrowser()[pri:0, instance:com.msi.msisurfaces.application.tests.ApplicationTest@932bc4a]" started-at="2025-08-07T15:06:59 IST" name="tearDownbrowser" finished-at="2025-08-07T15:07:00 IST" duration-ms="936" status="PASS">
          <reporter-output>
          </reporter-output>
        </test-method> <!-- tearDownbrowser -->
        <test-method is-config="true" signature="setupBrowser(java.lang.String)[pri:0, instance:com.msi.msisurfaces.application.tests.ApplicationTest@932bc4a]" started-at="2025-08-07T15:07:00 IST" name="setupBrowser" finished-at="2025-08-07T15:07:03 IST" duration-ms="3322" status="PASS">
          <params>
            <param index="0">
              <value>
                <![CDATA[Firefox]]>
              </value>
            </param>
          </params>
          <reporter-output>
          </reporter-output>
        </test-method> <!-- setupBrowser -->
        <test-method is-config="true" signature="initializePageObjects()[pri:0, instance:com.msi.msisurfaces.application.tests.ApplicationTest@932bc4a]" started-at="2025-08-07T15:07:03 IST" name="initializePageObjects" finished-at="2025-08-07T15:07:03 IST" depends-on-methods="com.msi.msisurfaces.framework.base.Base.setupBrowser" duration-ms="1" status="PASS">
          <reporter-output>
          </reporter-output>
        </test-method> <!-- initializePageObjects -->
        <test-method signature="verifyOrangeHRMLoginPage()[pri:2, instance:com.msi.msisurfaces.application.tests.ApplicationTest@932bc4a]" started-at="2025-08-07T15:07:03 IST" name="verifyOrangeHRMLoginPage" finished-at="2025-08-07T15:07:05 IST" duration-ms="1838" status="PASS">
          <reporter-output>
          </reporter-output>
        </test-method> <!-- verifyOrangeHRMLoginPage -->
        <test-method is-config="true" signature="tearDownbrowser()[pri:0, instance:com.msi.msisurfaces.application.tests.ApplicationTest@932bc4a]" started-at="2025-08-07T15:07:05 IST" name="tearDownbrowser" finished-at="2025-08-07T15:07:06 IST" duration-ms="887" status="PASS">
          <reporter-output>
          </reporter-output>
        </test-method> <!-- tearDownbrowser -->
      </class> <!-- com.msi.msisurfaces.application.tests.ApplicationTest -->
    </test> <!-- Test -->
  </suite> <!-- Suite -->
</testng-results>
