<?xml version="1.0" encoding="UTF-8"?>
<!-- Generated by org.testng.reporters.JUnitXMLReporter -->
<testsuite ignored="0" hostname="dev-025" failures="0" tests="4" name="EdgeTest" time="0.091" errors="0" timestamp="2025-08-04T11:09:43 IST">
  <testcase classname="com.practise.crm.framework.AppCommons" name="Testcase2" time="0.01"/>
  <testcase classname="com.practise.crm.framework.AppCommons" name="Testcase3" time="0.004"/>
  <testcase classname="com.practise.crm.framework.AppCommons" name="Testcase3" time="0.0"/>
  <testcase classname="com.practise.crm.framework.AppCommons" name="Testcase1" time="0.006"/>
</testsuite> <!-- EdgeTest -->
