<?xml version="1.0" encoding="UTF-8"?>
<!-- Generated by org.testng.reporters.JUnitXMLReporter -->
<testsuite ignored="0" hostname="dev-025" failures="0" tests="13" name="Test" time="0.11" errors="0" timestamp="2025-08-04T11:12:51 IST">
  <testcase classname="com.practise.crm.framework.AppCommons" name="Testcase2" time="0.008"/>
  <testcase classname="com.practise.crm.framework.AppCommons" name="Testcase3" time="0.001"/>
  <testcase classname="com.practise.crm.framework.AppCommons" name="Testcase3" time="0.001"/>
  <testcase classname="com.practise.crm.framework.AppCommons" name="Testcase1" time="0.0"/>
  <testcase classname="com.practise.crm.framework.AppCommons" name="Testcase1" time="0.001"/>
  <testcase classname="com.practise.crm.framework.AppCommons" name="Testcase1" time="0.001"/>
  <testcase classname="com.practise.crm.framework.AppCommons" name="Testcase1" time="0.001"/>
  <testcase classname="com.practise.crm.framework.AppCommons" name="Testcase1" time="0.0"/>
  <testcase classname="com.practise.crm.framework.AppCommons" name="Testcase1" time="0.002"/>
  <testcase classname="com.practise.crm.framework.AppCommons" name="Testcase1" time="0.001"/>
  <testcase classname="com.practise.crm.framework.AppCommons" name="Testcase1" time="0.001"/>
  <testcase classname="com.practise.crm.framework.AppCommons" name="Testcase1" time="0.001"/>
  <testcase classname="com.practise.crm.framework.AppCommons" name="Testcase1" time="0.001"/>
</testsuite> <!-- Test -->
