<?xml version="1.0" encoding="UTF-8"?>
<!-- Generated by org.testng.reporters.JUnitXMLReporter -->
<testsuite ignored="2" hostname="dev-025" failures="0" tests="1" name="FirefoxTest" time="0.073" errors="0" timestamp="2025-04-24T21:51:41 PDT">
  <testcase classname="com.practise.crm.framework.AppCommons" name="Testcase2" time="0.012"/>
  <testcase classname="com.practise.crm.framework.AppCommons" name="Testcase1" time="0.0">
    <ignored/>
  </testcase> <!-- Testcase1 -->
  <testcase classname="com.practise.crm.framework.AppCommons" name="Testcase3" time="0.0">
    <ignored/>
  </testcase> <!-- Testcase3 -->
</testsuite> <!-- FirefoxTest -->
