<?xml version="1.0" encoding="UTF-8"?>
<!-- Generated by org.testng.reporters.JUnitXMLReporter -->
<testsuite ignored="0" hostname="dev-025" failures="0" tests="2" name="Test" time="13.687" errors="0" timestamp="2025-08-07T15:07:06 IST">
  <testcase classname="com.msi.msisurfaces.application.tests.ApplicationTest" name="verifyOrangeHRMHomePage" time="2.123"/>
  <testcase classname="com.msi.msisurfaces.application.tests.ApplicationTest" name="verifyOrangeHRMLoginPage" time="1.838"/>
</testsuite> <!-- Test -->
